{
  "RSpec": {
    "coverage": {
      "/Users/katherineanderson/Desktop/Team_Ken/app/helpers/application_helper.rb": [
        1,
        null
      ],
      "/Users/katherineanderson/Desktop/Team_Ken/app/helpers/client_helper.rb": [
        1,
        1,
        5,
        null,
        null
      ],
      "/Users/katherineanderson/Desktop/Team_Ken/app/helpers/home_helper.rb": [
        1,
        null
      ],
      "/Users/katherineanderson/Desktop/Team_Ken/app/controllers/home_controller.rb": [
        1,
        null,
        1,
        1,
        0,
        null,
        0,
        null,
        0,
        0,
        0,
        null,
        0,
        null,
        0,
        null,
        null,
        null,
        1,
        null,
        null,
        1,
        0,
        null,
        null,
        null,
        null,
        1,
        null,
        0,
        0,
        0,
        0,
        null,
        null,
        null,
        null,
        null,
        0,
        0,
        null,
        0,
        null,
        0,
        null,
        null,
        null,
        null,
        null,
        null
      ],
      "/Users/katherineanderson/Desktop/Team_Ken/app/controllers/application_controller.rb": [
        1,
        null,
        null,
        1,
        null
      ],
      "/Users/katherineanderson/Desktop/Team_Ken/app/models/interest.rb": [
        null,
        1,
        1,
        1,
        null,
        1,
        null,
        null,
        1,
        0,
        null,
        null,
        1,
        0,
        0,
        0,
        0,
        null,
        0,
        null,
        null,
        null,
        null,
        null,
        null,
        null,
        null,
        null,
        null,
        null,
        1,
        5,
        5,
        null,
        null,
        1,
        1,
        0,
        0,
        0,
        null,
        null,
        null,
        1,
        0,
        0,
        null,
        null,
        1,
        0,
        0,
        0,
        null,
        null,
        null,
        null,
        null,
        null,
        null,
        null,
        1,
        0,
        0,
        0,
        0,
        null,
        0,
        null,
        null,
        null,
        null,
        1,
        0,
        null,
        null,
        1,
        4,
        0,
        null,
        0,
        null,
        null,
        null,
        null
      ]
    },
    "timestamp": 1397430090
  }
}
